# JRE version: OpenJDK Runtime Environment Temurin-21.0.11+10 (21.0.11+10) (build 21.0.11+10-LTS)
# Java VM: OpenJDK 64-Bit Server VM Temurin-21.0.11+10 (21.0.11+10-LTS, mixed mode, sharing, tiered, compressed oops, compressed class ptrs, parallel gc, windows-amd64)
GC Precious Log:
 CardTable entry size: 512
 CPUs: 8 total, 8 available
 Memory: 16167M
 Large Page Support: Disabled
 NUMA Support: Disabled
 Compressed Oops: Enabled (32-bit)
 Alignments: Space 512K, Generation 512K, Heap 2M
 Heap Min Capacity: 100M
 Heap Initial Capacity: 100M
 Heap Max Capacity: 2G
 Pre-touch: Disabled
 Parallel Workers: 8
Heap:
 PSYoungGen      total 3584K, used 3552K [0x00000000d5580000, 0x00000000d5a00000, 0x0000000100000000)
  eden space 3072K, 100% used [0x00000000d5580000,0x00000000d5880000,0x00000000d5880000)
  from space 512K, 93% used [0x00000000d5980000,0x00000000d59f8000,0x00000000d5a00000)
  to   space 512K, 100% used [0x00000000d5900000,0x00000000d5980000,0x00000000d5980000)
 ParOldGen       total 223232K, used 223231K [0x0000000080000000, 0x000000008da00000, 0x00000000d5580000)
  object space 223232K, 99% used [0x0000000080000000,0x000000008d9ffdc0,0x000000008da00000)
 Metaspace       used 93273K, committed 95040K, reserved 1179648K
  class space    used 10955K, committed 11712K, reserved 1048576K
GC Heap History (20 events):
Event: 135.428 GC heap after
{Heap after GC invocations=549 (full 3):
 PSYoungGen      total 3584K, used 512K [0x00000000d5580000, 0x00000000d5a80000, 0x0000000100000000)
  eden space 3072K, 0% used [0x00000000d5580000,0x00000000d5580000,0x00000000d5880000)
  from space 512K, 100% used [0x00000000d5a00000,0x00000000d5a80000,0x00000000d5a80000)
  to   space 1024K, 0% used [0x00000000d5880000,0x00000000d5880000,0x00000000d5980000)
 ParOldGen       total 220160K, used 220104K [0x0000000080000000, 0x000000008d700000, 0x00000000d5580000)
  object space 220160K, 99% used [0x0000000080000000,0x000000008d6f20a0,0x000000008d700000)
 Metaspace       used 93273K, committed 95040K, reserved 1179648K
  class space    used 10955K, committed 11712K, reserved 1048576K
}
Event: 135.490 GC heap before
{Heap before GC invocations=550 (full 3):
 PSYoungGen      total 3584K, used 3584K [0x00000000d5580000, 0x00000000d5a80000, 0x0000000100000000)
  eden space 3072K, 100% used [0x00000000d5580000,0x00000000d5880000,0x00000000d5880000)
  from space 512K, 100% used [0x00000000d5a00000,0x00000000d5a80000,0x00000000d5a80000)
  to   space 1024K, 0% used [0x00000000d5880000,0x00000000d5880000,0x00000000d5980000)
 ParOldGen       total 220160K, used 220104K [0x0000000080000000, 0x000000008d700000, 0x00000000d5580000)
  object space 220160K, 99% used [0x0000000080000000,0x000000008d6f20a0,0x000000008d700000)
 Metaspace       used 93273K, committed 95040K, reserved 1179648K
  class space    used 10955K, committed 11712K, reserved 1048576K
}
Event: 135.494 GC heap after
{Heap after GC invocations=550 (full 3):
 PSYoungGen      total 4096K, used 320K [0x00000000d5580000, 0x00000000d5a80000, 0x0000000100000000)
  eden space 3072K, 0% used [0x00000000d5580000,0x00000000d5580000,0x00000000d5880000)
  from space 1024K, 31% used [0x00000000d5880000,0x00000000d58d0000,0x00000000d5980000)
  to   space 512K, 0% used [0x00000000d5a00000,0x00000000d5a00000,0x00000000d5a80000)
 ParOldGen       total 220672K, used 220525K [0x0000000080000000, 0x000000008d780000, 0x00000000d5580000)
  object space 220672K, 99% used [0x0000000080000000,0x000000008d75b6a8,0x000000008d780000)
 Metaspace       used 93273K, committed 95040K, reserved 1179648K
  class space    used 10955K, committed 11712K, reserved 1048576K
}
Event: 135.502 GC heap before
{Heap before GC invocations=551 (full 3):
 PSYoungGen      total 4096K, used 3392K [0x00000000d5580000, 0x00000000d5a80000, 0x0000000100000000)
  eden space 3072K, 100% used [0x00000000d5580000,0x00000000d5880000,0x00000000d5880000)
  from space 1024K, 31% used [0x00000000d5880000,0x00000000d58d0000,0x00000000d5980000)
  to   space 512K, 0% used [0x00000000d5a00000,0x00000000d5a00000,0x00000000d5a80000)
 ParOldGen       total 220672K, used 220525K [0x0000000080000000, 0x000000008d780000, 0x00000000d5580000)
  object space 220672K, 99% used [0x0000000080000000,0x000000008d75b6a8,0x000000008d780000)
 Metaspace       used 93273K, committed 95040K, reserved 1179648K
  class space    used 10955K, committed 11712K, reserved 1048576K
}
Event: 135.503 GC heap after
{Heap after GC invocations=551 (full 3):
 PSYoungGen      total 3584K, used 480K [0x00000000d5580000, 0x00000000d5a80000, 0x0000000100000000)
  eden space 3072K, 0% used [0x00000000d5580000,0x00000000d5580000,0x00000000d5880000)
  from space 512K, 93% used [0x00000000d5a00000,0x00000000d5a78000,0x00000000d5a80000)
  to   space 512K, 0% used [0x00000000d5980000,0x00000000d5980000,0x00000000d5a00000)
 ParOldGen       total 221184K, used 220746K [0x0000000080000000, 0x000000008d800000, 0x00000000d5580000)
  object space 221184K, 99% used [0x0000000080000000,0x000000008d792be8,0x000000008d800000)
 Metaspace       used 93273K, committed 95040K, reserved 1179648K
  class space    used 10955K, committed 11712K, reserved 1048576K
}
Event: 135.562 GC heap before
{Heap before GC invocations=552 (full 3):
 PSYoungGen      total 3584K, used 3552K [0x00000000d5580000, 0x00000000d5a80000, 0x0000000100000000)
  eden space 3072K, 100% used [0x00000000d5580000,0x00000000d5880000,0x00000000d5880000)
  from space 512K, 93% used [0x00000000d5a00000,0x00000000d5a78000,0x00000000d5a80000)
  to   space 512K, 0% used [0x00000000d5980000,0x00000000d5980000,0x00000000d5a00000)
 ParOldGen       total 221184K, used 220746K [0x0000000080000000, 0x000000008d800000, 0x00000000d5580000)
  object space 221184K, 99% used [0x0000000080000000,0x000000008d792be8,0x000000008d800000)
 Metaspace       used 93273K, committed 95040K, reserved 1179648K
  class space    used 10955K, committed 11712K, reserved 1048576K
}
Event: 135.563 GC heap after
{Heap after GC invocations=552 (full 3):
 PSYoungGen      total 3584K, used 384K [0x00000000d5580000, 0x00000000d5a80000, 0x0000000100000000)
  eden space 3072K, 0% used [0x00000000d5580000,0x00000000d5580000,0x00000000d5880000)
  from space 512K, 75% used [0x00000000d5980000,0x00000000d59e0000,0x00000000d5a00000)
  to   space 512K, 0% used [0x00000000d5a00000,0x00000000d5a00000,0x00000000d5a80000)
 ParOldGen       total 221184K, used 221130K [0x0000000080000000, 0x000000008d800000, 0x00000000d5580000)
  object space 221184K, 99% used [0x0000000080000000,0x000000008d7f2be8,0x000000008d800000)
 Metaspace       used 93273K, committed 95040K, reserved 1179648K
  class space    used 10955K, committed 11712K, reserved 1048576K
}
Event: 135.573 GC heap before
{Heap before GC invocations=553 (full 3):
 PSYoungGen      total 3584K, used 3456K [0x00000000d5580000, 0x00000000d5a80000, 0x0000000100000000)
  eden space 3072K, 100% used [0x00000000d5580000,0x00000000d5880000,0x00000000d5880000)
  from space 512K, 75% used [0x00000000d5980000,0x00000000d59e0000,0x00000000d5a00000)
  to   space 512K, 0% used [0x00000000d5a00000,0x00000000d5a00000,0x00000000d5a80000)
 ParOldGen       total 221184K, used 221130K [0x0000000080000000, 0x000000008d800000, 0x00000000d5580000)
  object space 221184K, 99% used [0x0000000080000000,0x000000008d7f2be8,0x000000008d800000)
 Metaspace       used 93273K, committed 95040K, reserved 1179648K
  class space    used 10955K, committed 11712K, reserved 1048576K
}
Event: 135.575 GC heap after
{Heap after GC invocations=553 (full 3):
 PSYoungGen      total 3584K, used 505K [0x00000000d5580000, 0x00000000d5a80000, 0x0000000100000000)
  eden space 3072K, 0% used [0x00000000d5580000,0x00000000d5580000,0x00000000d5880000)
  from space 512K, 98% used [0x00000000d5a00000,0x00000000d5a7e418,0x00000000d5a80000)
  to   space 1024K, 0% used [0x00000000d5880000,0x00000000d5880000,0x00000000d5980000)
 ParOldGen       total 221696K, used 221485K [0x0000000080000000, 0x000000008d880000, 0x00000000d5580000)
  object space 221696K, 99% used [0x0000000080000000,0x000000008d84b7f0,0x000000008d880000)
 Metaspace       used 93273K, committed 95040K, reserved 1179648K
  class space    used 10955K, committed 11712K, reserved 1048576K
}
Event: 135.584 GC heap before
{Heap before GC invocations=554 (full 3):
 PSYoungGen      total 3584K, used 3577K [0x00000000d5580000, 0x00000000d5a80000, 0x0000000100000000)
  eden space 3072K, 100% used [0x00000000d5580000,0x00000000d5880000,0x00000000d5880000)
  from space 512K, 98% used [0x00000000d5a00000,0x00000000d5a7e418,0x00000000d5a80000)
  to   space 1024K, 0% used [0x00000000d5880000,0x00000000d5880000,0x00000000d5980000)
 ParOldGen       total 221696K, used 221485K [0x0000000080000000, 0x000000008d880000, 0x00000000d5580000)
  object space 221696K, 99% used [0x0000000080000000,0x000000008d84b7f0,0x000000008d880000)
 Metaspace       used 93273K, committed 95040K, reserved 1179648K
  class space    used 10955K, committed 11712K, reserved 1048576K
}
Event: 135.584 GC heap after
{Heap after GC invocations=554 (full 3):
 PSYoungGen      total 4096K, used 539K [0x00000000d5580000, 0x00000000d5a80000, 0x0000000100000000)
  eden space 3072K, 0% used [0x00000000d5580000,0x00000000d5580000,0x00000000d5880000)
  from space 1024K, 52% used [0x00000000d5880000,0x00000000d5906c08,0x00000000d5980000)
  to   space 1024K, 0% used [0x00000000d5980000,0x00000000d5980000,0x00000000d5a80000)
 ParOldGen       total 222208K, used 221982K [0x0000000080000000, 0x000000008d900000, 0x00000000d5580000)
  object space 222208K, 99% used [0x0000000080000000,0x000000008d8c79b0,0x000000008d900000)
 Metaspace       used 93273K, committed 95040K, reserved 1179648K
  class space    used 10955K, committed 11712K, reserved 1048576K
}
Event: 135.590 GC heap before
{Heap before GC invocations=555 (full 3):
 PSYoungGen      total 4096K, used 3611K [0x00000000d5580000, 0x00000000d5a80000, 0x0000000100000000)
  eden space 3072K, 100% used [0x00000000d5580000,0x00000000d5880000,0x00000000d5880000)
  from space 1024K, 52% used [0x00000000d5880000,0x00000000d5906c08,0x00000000d5980000)
  to   space 1024K, 0% used [0x00000000d5980000,0x00000000d5980000,0x00000000d5a80000)
 ParOldGen       total 222208K, used 221982K [0x0000000080000000, 0x000000008d900000, 0x00000000d5580000)
  object space 222208K, 99% used [0x0000000080000000,0x000000008d8c79b0,0x000000008d900000)
 Metaspace       used 93273K, committed 95040K, reserved 1179648K
  class space    used 10955K, committed 11712K, reserved 1048576K
}
Event: 135.593 GC heap after
{Heap after GC invocations=555 (full 3):
 PSYoungGen      total 4096K, used 480K [0x00000000d5580000, 0x00000000d5a80000, 0x0000000100000000)
  eden space 3072K, 0% used [0x00000000d5580000,0x00000000d5580000,0x00000000d5880000)
  from space 1024K, 46% used [0x00000000d5980000,0x00000000d59f8000,0x00000000d5a80000)
  to   space 1024K, 0% used [0x00000000d5880000,0x00000000d5880000,0x00000000d5980000)
 ParOldGen       total 222720K, used 222409K [0x0000000080000000, 0x000000008d980000, 0x00000000d5580000)
  object space 222720K, 99% used [0x0000000080000000,0x000000008d9325b8,0x000000008d980000)
 Metaspace       used 93273K, committed 95040K, reserved 1179648K
  class space    used 10955K, committed 11712K, reserved 1048576K
}
Event: 135.601 GC heap before
{Heap before GC invocations=556 (full 3):
 PSYoungGen      total 4096K, used 3552K [0x00000000d5580000, 0x00000000d5a80000, 0x0000000100000000)
  eden space 3072K, 100% used [0x00000000d5580000,0x00000000d5880000,0x00000000d5880000)
  from space 1024K, 46% used [0x00000000d5980000,0x00000000d59f8000,0x00000000d5a80000)
  to   space 1024K, 0% used [0x00000000d5880000,0x00000000d5880000,0x00000000d5980000)
 ParOldGen       total 222720K, used 222409K [0x0000000080000000, 0x000000008d980000, 0x00000000d5580000)
  object space 222720K, 99% used [0x0000000080000000,0x000000008d9325b8,0x000000008d980000)
 Metaspace       used 93273K, committed 95040K, reserved 1179648K
  class space    used 10955K, committed 11712K, reserved 1048576K
}
Event: 135.602 GC heap after
{Heap after GC invocations=556 (full 3):
 PSYoungGen      total 4096K, used 534K [0x00000000d5580000, 0x00000000d5a80000, 0x0000000100000000)
  eden space 3072K, 0% used [0x00000000d5580000,0x00000000d5580000,0x00000000d5880000)
  from space 1024K, 52% used [0x00000000d5880000,0x00000000d5905808,0x00000000d5980000)
  to   space 1024K, 0% used [0x00000000d5980000,0x00000000d5980000,0x00000000d5a80000)
 ParOldGen       total 223232K, used 222801K [0x0000000080000000, 0x000000008da00000, 0x00000000d5580000)
  object space 223232K, 99% used [0x0000000080000000,0x000000008d9945b8,0x000000008da00000)
 Metaspace       used 93273K, committed 95040K, reserved 1179648K
  class space    used 10955K, committed 11712K, reserved 1048576K
}
Event: 135.611 GC heap before
{Heap before GC invocations=557 (full 3):
 PSYoungGen      total 4096K, used 3606K [0x00000000d5580000, 0x00000000d5a80000, 0x0000000100000000)
  eden space 3072K, 100% used [0x00000000d5580000,0x00000000d5880000,0x00000000d5880000)
  from space 1024K, 52% used [0x00000000d5880000,0x00000000d5905808,0x00000000d5980000)
  to   space 1024K, 0% used [0x00000000d5980000,0x00000000d5980000,0x00000000d5a80000)
 ParOldGen       total 223232K, used 222801K [0x0000000080000000, 0x000000008da00000, 0x00000000d5580000)
  object space 223232K, 99% used [0x0000000080000000,0x000000008d9945b8,0x000000008da00000)
 Metaspace       used 93273K, committed 95040K, reserved 1179648K
  class space    used 10955K, committed 11712K, reserved 1048576K
}
Event: 135.613 GC heap after
{Heap after GC invocations=557 (full 3):
 PSYoungGen      total 3584K, used 480K [0x00000000d5580000, 0x00000000d5a00000, 0x0000000100000000)
  eden space 3072K, 0% used [0x00000000d5580000,0x00000000d5580000,0x00000000d5880000)
  from space 512K, 93% used [0x00000000d5980000,0x00000000d59f8000,0x00000000d5a00000)
  to   space 512K, 0% used [0x00000000d5900000,0x00000000d5900000,0x00000000d5980000)
 ParOldGen       total 223232K, used 223215K [0x0000000080000000, 0x000000008da00000, 0x00000000d5580000)
  object space 223232K, 99% used [0x0000000080000000,0x000000008d9fbdc0,0x000000008da00000)
 Metaspace       used 93273K, committed 95040K, reserved 1179648K
  class space    used 10955K, committed 11712K, reserved 1048576K
}
Event: 135.619 GC heap before
{Heap before GC invocations=558 (full 3):
 PSYoungGen      total 3584K, used 3552K [0x00000000d5580000, 0x00000000d5a00000, 0x0000000100000000)
  eden space 3072K, 100% used [0x00000000d5580000,0x00000000d5880000,0x00000000d5880000)
  from space 512K, 93% used [0x00000000d5980000,0x00000000d59f8000,0x00000000d5a00000)
  to   space 512K, 0% used [0x00000000d5900000,0x00000000d5900000,0x00000000d5980000)
 ParOldGen       total 223232K, used 223215K [0x0000000080000000, 0x000000008da00000, 0x00000000d5580000)
  object space 223232K, 99% used [0x0000000080000000,0x000000008d9fbdc0,0x000000008da00000)
 Metaspace       used 93273K, committed 95040K, reserved 1179648K
  class space    used 10955K, committed 11712K, reserved 1048576K
}
Event: 135.620 GC heap after
{Heap after GC invocations=558 (full 3):
 PSYoungGen      total 3584K, used 3552K [0x00000000d5580000, 0x00000000d5a00000, 0x0000000100000000)
  eden space 3072K, 100% used [0x00000000d5580000,0x00000000d5880000,0x00000000d5880000)
  from space 512K, 93% used [0x00000000d5980000,0x00000000d59f8000,0x00000000d5a00000)
  to   space 512K, 100% used [0x00000000d5900000,0x00000000d5980000,0x00000000d5980000)
 ParOldGen       total 223232K, used 223231K [0x0000000080000000, 0x000000008da00000, 0x00000000d5580000)
  object space 223232K, 99% used [0x0000000080000000,0x000000008d9ffdc0,0x000000008da00000)
 Metaspace       used 93273K, committed 95040K, reserved 1179648K
  class space    used 10955K, committed 11712K, reserved 1048576K
}
Event: 135.620 GC heap before
{Heap before GC invocations=559 (full 4):
 PSYoungGen      total 3584K, used 3552K [0x00000000d5580000, 0x00000000d5a00000, 0x0000000100000000)
  eden space 3072K, 100% used [0x00000000d5580000,0x00000000d5880000,0x00000000d5880000)
  from space 512K, 93% used [0x00000000d5980000,0x00000000d59f8000,0x00000000d5a00000)
  to   space 512K, 100% used [0x00000000d5900000,0x00000000d5980000,0x00000000d5980000)
 ParOldGen       total 223232K, used 223231K [0x0000000080000000, 0x000000008da00000, 0x00000000d5580000)
  object space 223232K, 99% used [0x0000000080000000,0x000000008d9ffdc0,0x000000008da00000)
 Metaspace       used 93273K, committed 95040K, reserved 1179648K
  class space    used 10955K, committed 11712K, reserved 1048576K
}

