# JRE version: OpenJDK Runtime Environment Temurin-21.0.11+10 (21.0.11+10) (build 21.0.11+10-LTS)
# Java VM: OpenJDK 64-Bit Server VM Temurin-21.0.11+10 (21.0.11+10-LTS, mixed mode, sharing, tiered, compressed oops, compressed class ptrs, parallel gc, windows-amd64)
GC Precious Log:
 CardTable entry size: 512
 CPUs: 8 total, 8 available
 Memory: 16167M
 Large Page Support: Disabled
 NUMA Support: Disabled
 Compressed Oops: Enabled (32-bit)
 Alignments: Space 512K, Generation 512K, Heap 2M
 Heap Min Capacity: 100M
 Heap Initial Capacity: 100M
 Heap Max Capacity: 2G
 Pre-touch: Disabled
 Parallel Workers: 8
Heap:
 PSYoungGen      total 22016K, used 5540K [0x00000000d5580000, 0x00000000d7480000, 0x0000000100000000)
  eden space 20992K, 21% used [0x00000000d5580000,0x00000000d59ec3a8,0x00000000d6a00000)
  from space 1024K, 98% used [0x00000000d7380000,0x00000000d747cea0,0x00000000d7480000)
  to   space 2048K, 0% used [0x00000000d7080000,0x00000000d7080000,0x00000000d7280000)
 ParOldGen       total 68608K, used 32498K [0x0000000080000000, 0x0000000084300000, 0x00000000d5580000)
  object space 68608K, 47% used [0x0000000080000000,0x0000000081fbc8f8,0x0000000084300000)
 Metaspace       used 47270K, committed 48512K, reserved 1114112K
  class space    used 5392K, committed 5952K, reserved 1048576K
GC Heap History (20 events):
Event: 11.173 GC heap before
{Heap before GC invocations=15 (full 1):
 PSYoungGen      total 23552K, used 8063K [0x00000000d5580000, 0x00000000d6f80000, 0x0000000100000000)
  eden space 22016K, 29% used [0x00000000d5580000,0x00000000d5bf1d88,0x00000000d6b00000)
  from space 1536K, 95% used [0x00000000d6d00000,0x00000000d6e6df10,0x00000000d6e80000)
  to   space 1024K, 0% used [0x00000000d6e80000,0x00000000d6e80000,0x00000000d6f80000)
 ParOldGen       total 68608K, used 18008K [0x0000000080000000, 0x0000000084300000, 0x00000000d5580000)
  object space 68608K, 26% used [0x0000000080000000,0x00000000811960c0,0x0000000084300000)
 Metaspace       used 34671K, committed 35840K, reserved 1114112K
  class space    used 3581K, committed 4096K, reserved 1048576K
}
Event: 11.175 GC heap after
{Heap after GC invocations=15 (full 1):
 PSYoungGen      total 22528K, used 320K [0x00000000d5580000, 0x00000000d6f00000, 0x0000000100000000)
  eden space 22016K, 0% used [0x00000000d5580000,0x00000000d5580000,0x00000000d6b00000)
  from space 512K, 62% used [0x00000000d6e80000,0x00000000d6ed0000,0x00000000d6f00000)
  to   space 1024K, 0% used [0x00000000d6d00000,0x00000000d6d00000,0x00000000d6e00000)
 ParOldGen       total 68608K, used 19212K [0x0000000080000000, 0x0000000084300000, 0x00000000d5580000)
  object space 68608K, 28% used [0x0000000080000000,0x00000000812c3388,0x0000000084300000)
 Metaspace       used 34671K, committed 35840K, reserved 1114112K
  class space    used 3581K, committed 4096K, reserved 1048576K
}
Event: 11.175 GC heap before
{Heap before GC invocations=16 (full 2):
 PSYoungGen      total 22528K, used 320K [0x00000000d5580000, 0x00000000d6f00000, 0x0000000100000000)
  eden space 22016K, 0% used [0x00000000d5580000,0x00000000d5580000,0x00000000d6b00000)
  from space 512K, 62% used [0x00000000d6e80000,0x00000000d6ed0000,0x00000000d6f00000)
  to   space 1024K, 0% used [0x00000000d6d00000,0x00000000d6d00000,0x00000000d6e00000)
 ParOldGen       total 68608K, used 19212K [0x0000000080000000, 0x0000000084300000, 0x00000000d5580000)
  object space 68608K, 28% used [0x0000000080000000,0x00000000812c3388,0x0000000084300000)
 Metaspace       used 34671K, committed 35840K, reserved 1114112K
  class space    used 3581K, committed 4096K, reserved 1048576K
}
Event: 11.221 GC heap after
{Heap after GC invocations=16 (full 2):
 PSYoungGen      total 22528K, used 0K [0x00000000d5580000, 0x00000000d6f00000, 0x0000000100000000)
  eden space 22016K, 0% used [0x00000000d5580000,0x00000000d5580000,0x00000000d6b00000)
  from space 512K, 0% used [0x00000000d6e80000,0x00000000d6e80000,0x00000000d6f00000)
  to   space 1024K, 0% used [0x00000000d6d00000,0x00000000d6d00000,0x00000000d6e00000)
 ParOldGen       total 68608K, used 18815K [0x0000000080000000, 0x0000000084300000, 0x00000000d5580000)
  object space 68608K, 27% used [0x0000000080000000,0x000000008125fe98,0x0000000084300000)
 Metaspace       used 34671K, committed 35840K, reserved 1114112K
  class space    used 3581K, committed 4096K, reserved 1048576K
}
Event: 11.500 GC heap before
{Heap before GC invocations=17 (full 2):
 PSYoungGen      total 22528K, used 22016K [0x00000000d5580000, 0x00000000d6f00000, 0x0000000100000000)
  eden space 22016K, 100% used [0x00000000d5580000,0x00000000d6b00000,0x00000000d6b00000)
  from space 512K, 0% used [0x00000000d6e80000,0x00000000d6e80000,0x00000000d6f00000)
  to   space 1024K, 0% used [0x00000000d6d00000,0x00000000d6d00000,0x00000000d6e00000)
 ParOldGen       total 68608K, used 18815K [0x0000000080000000, 0x0000000084300000, 0x00000000d5580000)
  object space 68608K, 27% used [0x0000000080000000,0x000000008125fe98,0x0000000084300000)
 Metaspace       used 37393K, committed 38528K, reserved 1114112K
  class space    used 4006K, committed 4480K, reserved 1048576K
}
Event: 11.501 GC heap after
{Heap after GC invocations=17 (full 2):
 PSYoungGen      total 23040K, used 672K [0x00000000d5580000, 0x00000000d6f00000, 0x0000000100000000)
  eden space 22016K, 0% used [0x00000000d5580000,0x00000000d5580000,0x00000000d6b00000)
  from space 1024K, 65% used [0x00000000d6d00000,0x00000000d6da8000,0x00000000d6e00000)
  to   space 1024K, 0% used [0x00000000d6e00000,0x00000000d6e00000,0x00000000d6f00000)
 ParOldGen       total 68608K, used 18823K [0x0000000080000000, 0x0000000084300000, 0x00000000d5580000)
  object space 68608K, 27% used [0x0000000080000000,0x0000000081261e98,0x0000000084300000)
 Metaspace       used 37393K, committed 38528K, reserved 1114112K
  class space    used 4006K, committed 4480K, reserved 1048576K
}
Event: 11.957 GC heap before
{Heap before GC invocations=18 (full 2):
 PSYoungGen      total 23040K, used 22688K [0x00000000d5580000, 0x00000000d6f00000, 0x0000000100000000)
  eden space 22016K, 100% used [0x00000000d5580000,0x00000000d6b00000,0x00000000d6b00000)
  from space 1024K, 65% used [0x00000000d6d00000,0x00000000d6da8000,0x00000000d6e00000)
  to   space 1024K, 0% used [0x00000000d6e00000,0x00000000d6e00000,0x00000000d6f00000)
 ParOldGen       total 68608K, used 18823K [0x0000000080000000, 0x0000000084300000, 0x00000000d5580000)
  object space 68608K, 27% used [0x0000000080000000,0x0000000081261e98,0x0000000084300000)
 Metaspace       used 39222K, committed 40448K, reserved 1114112K
  class space    used 4237K, committed 4800K, reserved 1048576K
}
Event: 11.959 GC heap after
{Heap after GC invocations=18 (full 2):
 PSYoungGen      total 22016K, used 1010K [0x00000000d5580000, 0x00000000d7300000, 0x0000000100000000)
  eden space 20992K, 0% used [0x00000000d5580000,0x00000000d5580000,0x00000000d6a00000)
  from space 1024K, 98% used [0x00000000d6e00000,0x00000000d6efc818,0x00000000d6f00000)
  to   space 4096K, 0% used [0x00000000d6a00000,0x00000000d6a00000,0x00000000d6e00000)
 ParOldGen       total 68608K, used 21069K [0x0000000080000000, 0x0000000084300000, 0x00000000d5580000)
  object space 68608K, 30% used [0x0000000080000000,0x0000000081493548,0x0000000084300000)
 Metaspace       used 39222K, committed 40448K, reserved 1114112K
  class space    used 4237K, committed 4800K, reserved 1048576K
}
Event: 12.233 GC heap before
{Heap before GC invocations=19 (full 2):
 PSYoungGen      total 22016K, used 22002K [0x00000000d5580000, 0x00000000d7300000, 0x0000000100000000)
  eden space 20992K, 100% used [0x00000000d5580000,0x00000000d6a00000,0x00000000d6a00000)
  from space 1024K, 98% used [0x00000000d6e00000,0x00000000d6efc818,0x00000000d6f00000)
  to   space 4096K, 0% used [0x00000000d6a00000,0x00000000d6a00000,0x00000000d6e00000)
 ParOldGen       total 68608K, used 21069K [0x0000000080000000, 0x0000000084300000, 0x00000000d5580000)
  object space 68608K, 30% used [0x0000000080000000,0x0000000081493560,0x0000000084300000)
 Metaspace       used 39944K, committed 41152K, reserved 1114112K
  class space    used 4340K, committed 4864K, reserved 1048576K
}
Event: 12.235 GC heap after
{Heap after GC invocations=19 (full 2):
 PSYoungGen      total 25088K, used 4073K [0x00000000d5580000, 0x00000000d7f00000, 0x0000000100000000)
  eden space 20992K, 0% used [0x00000000d5580000,0x00000000d5580000,0x00000000d6a00000)
  from space 4096K, 99% used [0x00000000d6a00000,0x00000000d6dfa748,0x00000000d6e00000)
  to   space 10240K, 0% used [0x00000000d7500000,0x00000000d7500000,0x00000000d7f00000)
 ParOldGen       total 68608K, used 25796K [0x0000000080000000, 0x0000000084300000, 0x00000000d5580000)
  object space 68608K, 37% used [0x0000000080000000,0x00000000819313c8,0x0000000084300000)
 Metaspace       used 39944K, committed 41152K, reserved 1114112K
  class space    used 4340K, committed 4864K, reserved 1048576K
}
Event: 12.683 GC heap before
{Heap before GC invocations=20 (full 2):
 PSYoungGen      total 25088K, used 25065K [0x00000000d5580000, 0x00000000d7f00000, 0x0000000100000000)
  eden space 20992K, 100% used [0x00000000d5580000,0x00000000d6a00000,0x00000000d6a00000)
  from space 4096K, 99% used [0x00000000d6a00000,0x00000000d6dfa748,0x00000000d6e00000)
  to   space 10240K, 0% used [0x00000000d7500000,0x00000000d7500000,0x00000000d7f00000)
 ParOldGen       total 68608K, used 25812K [0x0000000080000000, 0x0000000084300000, 0x00000000d5580000)
  object space 68608K, 37% used [0x0000000080000000,0x0000000081935338,0x0000000084300000)
 Metaspace       used 41664K, committed 42880K, reserved 1114112K
  class space    used 4593K, committed 5120K, reserved 1048576K
}
Event: 12.687 GC heap after
{Heap after GC invocations=20 (full 2):
 PSYoungGen      total 22016K, used 608K [0x00000000d5580000, 0x00000000d7600000, 0x0000000100000000)
  eden space 20992K, 0% used [0x00000000d5580000,0x00000000d5580000,0x00000000d6a00000)
  from space 1024K, 59% used [0x00000000d7500000,0x00000000d7598000,0x00000000d7600000)
  to   space 4096K, 0% used [0x00000000d6e00000,0x00000000d6e00000,0x00000000d7200000)
 ParOldGen       total 68608K, used 29814K [0x0000000080000000, 0x0000000084300000, 0x00000000d5580000)
  object space 68608K, 43% used [0x0000000080000000,0x0000000081d1dbd8,0x0000000084300000)
 Metaspace       used 41664K, committed 42880K, reserved 1114112K
  class space    used 4593K, committed 5120K, reserved 1048576K
}
Event: 13.171 GC heap before
{Heap before GC invocations=21 (full 2):
 PSYoungGen      total 22016K, used 21600K [0x00000000d5580000, 0x00000000d7600000, 0x0000000100000000)
  eden space 20992K, 100% used [0x00000000d5580000,0x00000000d6a00000,0x00000000d6a00000)
  from space 1024K, 59% used [0x00000000d7500000,0x00000000d7598000,0x00000000d7600000)
  to   space 4096K, 0% used [0x00000000d6e00000,0x00000000d6e00000,0x00000000d7200000)
 ParOldGen       total 68608K, used 29814K [0x0000000080000000, 0x0000000084300000, 0x00000000d5580000)
  object space 68608K, 43% used [0x0000000080000000,0x0000000081d1dbd8,0x0000000084300000)
 Metaspace       used 43579K, committed 44800K, reserved 1114112K
  class space    used 4906K, committed 5440K, reserved 1048576K
}
Event: 13.173 GC heap after
{Heap after GC invocations=21 (full 2):
 PSYoungGen      total 25088K, used 1024K [0x00000000d5580000, 0x00000000d7580000, 0x0000000100000000)
  eden space 20992K, 0% used [0x00000000d5580000,0x00000000d5580000,0x00000000d6a00000)
  from space 4096K, 25% used [0x00000000d6e00000,0x00000000d6f00000,0x00000000d7200000)
  to   space 1536K, 0% used [0x00000000d7400000,0x00000000d7400000,0x00000000d7580000)
 ParOldGen       total 68608K, used 30283K [0x0000000080000000, 0x0000000084300000, 0x00000000d5580000)
  object space 68608K, 44% used [0x0000000080000000,0x0000000081d92f30,0x0000000084300000)
 Metaspace       used 43579K, committed 44800K, reserved 1114112K
  class space    used 4906K, committed 5440K, reserved 1048576K
}
Event: 13.807 GC heap before
{Heap before GC invocations=22 (full 2):
 PSYoungGen      total 25088K, used 22016K [0x00000000d5580000, 0x00000000d7580000, 0x0000000100000000)
  eden space 20992K, 100% used [0x00000000d5580000,0x00000000d6a00000,0x00000000d6a00000)
  from space 4096K, 25% used [0x00000000d6e00000,0x00000000d6f00000,0x00000000d7200000)
  to   space 1536K, 0% used [0x00000000d7400000,0x00000000d7400000,0x00000000d7580000)
 ParOldGen       total 68608K, used 30283K [0x0000000080000000, 0x0000000084300000, 0x00000000d5580000)
  object space 68608K, 44% used [0x0000000080000000,0x0000000081d92f30,0x0000000084300000)
 Metaspace       used 45576K, committed 46784K, reserved 1114112K
  class space    used 5164K, committed 5696K, reserved 1048576K
}
Event: 13.809 GC heap after
{Heap after GC invocations=22 (full 2):
 PSYoungGen      total 22016K, used 992K [0x00000000d5580000, 0x00000000d7500000, 0x0000000100000000)
  eden space 20992K, 0% used [0x00000000d5580000,0x00000000d5580000,0x00000000d6a00000)
  from space 1024K, 96% used [0x00000000d7400000,0x00000000d74f8000,0x00000000d7500000)
  to   space 1536K, 0% used [0x00000000d7200000,0x00000000d7200000,0x00000000d7380000)
 ParOldGen       total 68608K, used 31107K [0x0000000080000000, 0x0000000084300000, 0x00000000d5580000)
  object space 68608K, 45% used [0x0000000080000000,0x0000000081e60f40,0x0000000084300000)
 Metaspace       used 45576K, committed 46784K, reserved 1114112K
  class space    used 5164K, committed 5696K, reserved 1048576K
}
Event: 14.645 GC heap before
{Heap before GC invocations=23 (full 2):
 PSYoungGen      total 22016K, used 21984K [0x00000000d5580000, 0x00000000d7500000, 0x0000000100000000)
  eden space 20992K, 100% used [0x00000000d5580000,0x00000000d6a00000,0x00000000d6a00000)
  from space 1024K, 96% used [0x00000000d7400000,0x00000000d74f8000,0x00000000d7500000)
  to   space 1536K, 0% used [0x00000000d7200000,0x00000000d7200000,0x00000000d7380000)
 ParOldGen       total 68608K, used 31107K [0x0000000080000000, 0x0000000084300000, 0x00000000d5580000)
  object space 68608K, 45% used [0x0000000080000000,0x0000000081e60f40,0x0000000084300000)
 Metaspace       used 46259K, committed 47424K, reserved 1114112K
  class space    used 5246K, committed 5760K, reserved 1048576K
}
Event: 14.648 GC heap after
{Heap after GC invocations=23 (full 2):
 PSYoungGen      total 22528K, used 736K [0x00000000d5580000, 0x00000000d7480000, 0x0000000100000000)
  eden space 20992K, 0% used [0x00000000d5580000,0x00000000d5580000,0x00000000d6a00000)
  from space 1536K, 47% used [0x00000000d7200000,0x00000000d72b8000,0x00000000d7380000)
  to   space 1024K, 0% used [0x00000000d7380000,0x00000000d7380000,0x00000000d7480000)
 ParOldGen       total 68608K, used 31898K [0x0000000080000000, 0x0000000084300000, 0x00000000d5580000)
  object space 68608K, 46% used [0x0000000080000000,0x0000000081f268f8,0x0000000084300000)
 Metaspace       used 46259K, committed 47424K, reserved 1114112K
  class space    used 5246K, committed 5760K, reserved 1048576K
}
Event: 15.457 GC heap before
{Heap before GC invocations=24 (full 2):
 PSYoungGen      total 22528K, used 21728K [0x00000000d5580000, 0x00000000d7480000, 0x0000000100000000)
  eden space 20992K, 100% used [0x00000000d5580000,0x00000000d6a00000,0x00000000d6a00000)
  from space 1536K, 47% used [0x00000000d7200000,0x00000000d72b8000,0x00000000d7380000)
  to   space 1024K, 0% used [0x00000000d7380000,0x00000000d7380000,0x00000000d7480000)
 ParOldGen       total 68608K, used 31898K [0x0000000080000000, 0x0000000084300000, 0x00000000d5580000)
  object space 68608K, 46% used [0x0000000080000000,0x0000000081f268f8,0x0000000084300000)
 Metaspace       used 47054K, committed 48256K, reserved 1114112K
  class space    used 5357K, committed 5888K, reserved 1048576K
}
Event: 15.460 GC heap after
{Heap after GC invocations=24 (full 2):
 PSYoungGen      total 22016K, used 1011K [0x00000000d5580000, 0x00000000d7480000, 0x0000000100000000)
  eden space 20992K, 0% used [0x00000000d5580000,0x00000000d5580000,0x00000000d6a00000)
  from space 1024K, 98% used [0x00000000d7380000,0x00000000d747cea0,0x00000000d7480000)
  to   space 2048K, 0% used [0x00000000d7080000,0x00000000d7080000,0x00000000d7280000)
 ParOldGen       total 68608K, used 32498K [0x0000000080000000, 0x0000000084300000, 0x00000000d5580000)
  object space 68608K, 47% used [0x0000000080000000,0x0000000081fbc8f8,0x0000000084300000)
 Metaspace       used 47054K, committed 48256K, reserved 1114112K
  class space    used 5357K, committed 5888K, reserved 1048576K
}

